0 info it worked if it ends with ok
1 verbose cli [ '/usr/bin/node', '/usr/bin/npm', 'publish', '--access' ]
2 warn invalid config access=true
3 info using npm@3.5.2
4 info using node@v8.10.0
5 verbose publish [ '.' ]
6 silly cache add args [ '.', null ]
7 verbose cache add spec .
8 silly cache add parsed spec Result {
8 silly cache add   raw: '.',
8 silly cache add   scope: null,
8 silly cache add   name: null,
8 silly cache add   rawSpec: '.',
8 silly cache add   spec: '/var/www/html/galhofa',
8 silly cache add   type: 'directory' }
9 verbose addLocalDirectory /home/mario/.npm/galhofa/1.0.4/package.tgz not in flight; packing
10 info lifecycle galhofa@1.0.4~prepublish: galhofa@1.0.4
11 silly lifecycle galhofa@1.0.4~prepublish: no script for prepublish, continuing
12 verbose tar pack [ '/home/mario/.npm/galhofa/1.0.4/package.tgz',
12 verbose tar pack   '/var/www/html/galhofa' ]
13 verbose tarball /home/mario/.npm/galhofa/1.0.4/package.tgz
14 verbose folder /var/www/html/galhofa
15 verbose addLocalTarball adding from inside cache /home/mario/.npm/galhofa/1.0.4/package.tgz
16 silly cache afterAdd galhofa@1.0.4
17 verbose afterAdd /home/mario/.npm/galhofa/1.0.4/package/package.json not in flight; writing
18 verbose afterAdd /home/mario/.npm/galhofa/1.0.4/package/package.json written
19 silly publish { name: 'galhofa',
19 silly publish   version: '1.0.4',
19 silly publish   author:
19 silly publish    { name: 'Mario Brusarosco',
19 silly publish      email: 'mariobrusarosco@gmail.com',
19 silly publish      url: 'http://example.com' },
19 silly publish   description: '',
19 silly publish   main: 'dist/galhofa.js',
19 silly publish   files: [ 'dist' ],
19 silly publish   scripts:
19 silly publish    { dev: 'webpack --watch --config webpack.config.js',
19 silly publish      test: 'echo "Error: no test specified" && exit 1',
19 silly publish      build: 'yarn eslint && webpack --config webpack.config.js',
19 silly publish      eslint: 'eslint src/index.js' },
19 silly publish   repository:
19 silly publish    { type: 'git',
19 silly publish      url: 'git+https://github.com/mariobrusarosco/galhofa.git' },
19 silly publish   license: 'ISC',
19 silly publish   bugs: { url: 'https://github.com/mariobrusarosco/galhofa/issues' },
19 silly publish   homepage: 'https://github.com/mariobrusarosco/galhofa#readme',
19 silly publish   dependencies: { lodash: '^4.17.11' },
19 silly publish   devDependencies:
19 silly publish    { eslint: '^5.11.1',
19 silly publish      express: '^4.16.4',
19 silly publish      nodemon: '^1.18.9',
19 silly publish      webpack: '^4.28.3',
19 silly publish      'webpack-cli': '^3.2.0',
19 silly publish      'webpack-dev-server': '^3.1.14' },
19 silly publish   gitHead: '7bb3b564d6c67bd405c8767875a7ccc2c3eb7674',
19 silly publish   readme: 'ERROR: No README data found!',
19 silly publish   _id: 'galhofa@1.0.4',
19 silly publish   _shasum: '370199d3f3de4bbd26937a91ec0fc2b331cb4f1f',
19 silly publish   _from: '.' }
20 verbose getPublishConfig undefined
21 silly mapToRegistry name galhofa
22 silly mapToRegistry using default registry
23 silly mapToRegistry registry https://registry.npmjs.org/
24 silly mapToRegistry uri https://registry.npmjs.org/galhofa
25 verbose publish registryBase https://registry.npmjs.org/
26 silly publish uploading /home/mario/.npm/galhofa/1.0.4/package.tgz
27 verbose stack Error: auth required for publishing
27 verbose stack     at CachingRegistryClient.publish (/usr/share/npm/node_modules/npm-registry-client/lib/publish.js:30:14)
27 verbose stack     at /usr/share/npm/lib/publish.js:137:14
27 verbose stack     at mapToRegistry (/usr/share/npm/lib/utils/map-to-registry.js:55:3)
27 verbose stack     at publish_ (/usr/share/npm/lib/publish.js:106:3)
27 verbose stack     at Array.<anonymous> (/usr/share/npm/node_modules/slide/lib/bind-actor.js:15:8)
27 verbose stack     at LOOP (/usr/share/npm/node_modules/slide/lib/chain.js:15:14)
27 verbose stack     at LOOP (/usr/share/npm/node_modules/slide/lib/chain.js:14:28)
27 verbose stack     at chain (/usr/share/npm/node_modules/slide/lib/chain.js:20:5)
27 verbose stack     at /usr/share/npm/lib/publish.js:72:5
27 verbose stack     at RES (/usr/share/npm/node_modules/inflight/inflight.js:23:14)
28 verbose cwd /var/www/html/galhofa
29 error Linux 4.15.0-43-generic
30 error argv "/usr/bin/node" "/usr/bin/npm" "publish" "--access"
31 error node v8.10.0
32 error npm  v3.5.2
33 error code ENEEDAUTH
34 error need auth auth required for publishing
35 error need auth You need to authorize this machine using `npm adduser`
36 verbose exit [ 1, true ]
